Build started 9/29/2013 8:34:19 PM.
     1>Project "C:\Users\Mfcx\Desktop\School\2420 data structures\Programming Assignments\Programming Assignment 2\Programming Assignment 2\Programming Assignment 2\Programming Assignment 2.vcxproj" on node 2 (build target(s)).
     1>InitializeBuildStatus:
         Creating "Debug\Programming Assignment 2.unsuccessfulbuild" because "AlwaysCreate" was specified.
       ClCompile:
         All outputs are up-to-date.
       ManifestResourceCompile:
         All outputs are up-to-date.
       Link:
         c:\Program Files (x86)\Microsoft Visual Studio 10.0\VC\bin\link.exe /ERRORREPORT:PROMPT /OUT:"C:\Users\Mfcx\Desktop\School\2420 data structures\Programming Assignments\Programming Assignment 2\Programming Assignment 2\Debug\Programming Assignment 2.exe" /INCREMENTAL /NOLOGO kernel32.lib user32.lib gdi32.lib winspool.lib comdlg32.lib advapi32.lib shell32.lib ole32.lib oleaut32.lib uuid.lib odbc32.lib odbccp32.lib /MANIFEST /ManifestFile:"Debug\Programming Assignment 2.exe.intermediate.manifest" /MANIFESTUAC:"level='asInvoker' uiAccess='false'" /DEBUG /PDB:"C:\Users\Mfcx\Desktop\School\2420 data structures\Programming Assignments\Programming Assignment 2\Programming Assignment 2\Debug\Programming Assignment 2.pdb" /SUBSYSTEM:CONSOLE /TLBID:1 /DYNAMICBASE /NXCOMPAT /IMPLIB:"C:\Users\Mfcx\Desktop\School\2420 data structures\Programming Assignments\Programming Assignment 2\Programming Assignment 2\Debug\Programming Assignment 2.lib" /MACHINE:X86 "Debug\Programming Assignment 2.exe.embed.manifest.res"
         Debug\MPQueueLinkedList.obj
         Debug\Node.obj
         Debug\PassengerModel.obj
         Debug\ProgrammingAssignment2View.obj
         Debug\SimulationController.obj
       Manifest:
         C:\Program Files (x86)\Microsoft SDKs\Windows\v7.0A\bin\mt.exe /nologo /verbose /out:"Debug\Programming Assignment 2.exe.embed.manifest" /manifest "Debug\Programming Assignment 2.exe.intermediate.manifest"
         All outputs are up-to-date.
       LinkEmbedManifest:
         All outputs are up-to-date.
         Programming Assignment 2.vcxproj -> C:\Users\Mfcx\Desktop\School\2420 data structures\Programming Assignments\Programming Assignment 2\Programming Assignment 2\Debug\Programming Assignment 2.exe
       FinalizeBuildStatus:
         Deleting file "Debug\Programming Assignment 2.unsuccessfulbuild".
         Touching "Debug\Programming Assignment 2.lastbuildstate".
     1>Done Building Project "C:\Users\Mfcx\Desktop\School\2420 data structures\Programming Assignments\Programming Assignment 2\Programming Assignment 2\Programming Assignment 2\Programming Assignment 2.vcxproj" (build target(s)).

Build succeeded.

Time Elapsed 00:00:01.76
