Build started 9/29/2013 8:34:58 PM.
     1>Project "C:\Users\Matt\Documents\Development\Visual Studio 2010\Projects\ProgrammingAssignment4\ProgrammingAssignment4\ProgrammingAssignment4.vcxproj" on node 2 (build target(s)).
     1>InitializeBuildStatus:
         Creating "Debug\ProgrammingAssignment4.unsuccessfulbuild" because "AlwaysCreate" was specified.
       ClCompile:
         c:\Program Files (x86)\Microsoft Visual Studio 10.0\VC\bin\CL.exe /c /ZI /nologo /W3 /WX- /Od /Oy- /D _MBCS /Gm /EHsc /RTC1 /MDd /GS /fp:precise /Zc:wchar_t /Zc:forScope /Fo"Debug\\" /Fd"Debug\vc100.pdb" /Gd /TP /analyze- /errorReport:prompt ProgrammingAssignment4.cpp
         ProgrammingAssignment4.cpp
     1>c:\users\matt\documents\development\visual studio 2010\projects\programmingassignment4\programmingassignment4\programmingassignment4.cpp(63): warning C4244: '=' : conversion from 'double' to 'GLfloat', possible loss of data
     1>c:\users\matt\documents\development\visual studio 2010\projects\programmingassignment4\programmingassignment4\programmingassignment4.cpp(83): warning C4244: 'initializing' : conversion from 'GLint' to 'GLfloat', possible loss of data
     1>c:\users\matt\documents\development\visual studio 2010\projects\programmingassignment4\programmingassignment4\programmingassignment4.cpp(85): warning C4305: 'initializing' : truncation from 'double' to 'GLfloat'
     1>c:\users\matt\documents\development\visual studio 2010\projects\programmingassignment4\programmingassignment4\programmingassignment4.cpp(264): warning C4305: 'initializing' : truncation from 'double' to 'GLfloat'
     1>c:\users\matt\documents\development\visual studio 2010\projects\programmingassignment4\programmingassignment4\programmingassignment4.cpp(265): warning C4305: 'initializing' : truncation from 'double' to 'GLfloat'
     1>c:\users\matt\documents\development\visual studio 2010\projects\programmingassignment4\programmingassignment4\programmingassignment4.cpp(266): warning C4305: 'initializing' : truncation from 'double' to 'GLfloat'
     1>c:\users\matt\documents\development\visual studio 2010\projects\programmingassignment4\programmingassignment4\programmingassignment4.cpp(278): warning C4305: 'initializing' : truncation from 'double' to 'GLfloat'
     1>c:\users\matt\documents\development\visual studio 2010\projects\programmingassignment4\programmingassignment4\programmingassignment4.cpp(278): warning C4305: 'initializing' : truncation from 'double' to 'GLfloat'
     1>c:\users\matt\documents\development\visual studio 2010\projects\programmingassignment4\programmingassignment4\programmingassignment4.cpp(279): warning C4305: 'initializing' : truncation from 'double' to 'GLfloat'
     1>c:\users\matt\documents\development\visual studio 2010\projects\programmingassignment4\programmingassignment4\programmingassignment4.cpp(279): warning C4305: 'initializing' : truncation from 'double' to 'GLfloat'
     1>c:\users\matt\documents\development\visual studio 2010\projects\programmingassignment4\programmingassignment4\programmingassignment4.cpp(280): warning C4305: 'initializing' : truncation from 'double' to 'GLfloat'
     1>c:\users\matt\documents\development\visual studio 2010\projects\programmingassignment4\programmingassignment4\programmingassignment4.cpp(280): warning C4305: 'initializing' : truncation from 'double' to 'GLfloat'
     1>c:\users\matt\documents\development\visual studio 2010\projects\programmingassignment4\programmingassignment4\programmingassignment4.cpp(285): warning C4305: 'initializing' : truncation from 'double' to 'GLfloat'
     1>c:\users\matt\documents\development\visual studio 2010\projects\programmingassignment4\programmingassignment4\programmingassignment4.cpp(286): warning C4305: 'initializing' : truncation from 'double' to 'GLfloat'
     1>c:\users\matt\documents\development\visual studio 2010\projects\programmingassignment4\programmingassignment4\programmingassignment4.cpp(287): warning C4305: 'initializing' : truncation from 'double' to 'GLfloat'
     1>c:\users\matt\documents\development\visual studio 2010\projects\programmingassignment4\programmingassignment4\programmingassignment4.cpp(359): warning C4996: 'fopen': This function or variable may be unsafe. Consider using fopen_s instead. To disable deprecation, use _CRT_SECURE_NO_WARNINGS. See online help for details.
                 c:\program files (x86)\microsoft visual studio 10.0\vc\include\stdio.h(234) : see declaration of 'fopen'
     1>c:\users\matt\documents\development\visual studio 2010\projects\programmingassignment4\programmingassignment4\programmingassignment4.cpp(407): warning C4244: 'argument' : conversion from 'double' to 'GLclampf', possible loss of data
     1>c:\users\matt\documents\development\visual studio 2010\projects\programmingassignment4\programmingassignment4\programmingassignment4.cpp(407): warning C4244: 'argument' : conversion from 'double' to 'GLclampf', possible loss of data
     1>c:\users\matt\documents\development\visual studio 2010\projects\programmingassignment4\programmingassignment4\programmingassignment4.cpp(407): warning C4244: 'argument' : conversion from 'double' to 'GLclampf', possible loss of data
     1>c:\users\matt\documents\development\visual studio 2010\projects\programmingassignment4\programmingassignment4\programmingassignment4.cpp(419): warning C4244: '+=' : conversion from 'double' to 'float', possible loss of data
     1>c:\users\matt\documents\development\visual studio 2010\projects\programmingassignment4\programmingassignment4\programmingassignment4.cpp(420): warning C4244: '+=' : conversion from 'double' to 'float', possible loss of data
     1>c:\users\matt\documents\development\visual studio 2010\projects\programmingassignment4\programmingassignment4\programmingassignment4.cpp(421): warning C4244: '+=' : conversion from 'double' to 'float', possible loss of data
     1>c:\users\matt\documents\development\visual studio 2010\projects\programmingassignment4\programmingassignment4\programmingassignment4.cpp(423): warning C4305: '-=' : truncation from 'double' to 'float'
     1>c:\users\matt\documents\development\visual studio 2010\projects\programmingassignment4\programmingassignment4\programmingassignment4.cpp(429): warning C4305: '-=' : truncation from 'double' to 'float'
     1>c:\users\matt\documents\development\visual studio 2010\projects\programmingassignment4\programmingassignment4\programmingassignment4.cpp(435): warning C4305: '-=' : truncation from 'double' to 'float'
     1>c:\users\matt\documents\development\visual studio 2010\projects\programmingassignment4\programmingassignment4\programmingassignment4.cpp(444): warning C4244: '+=' : conversion from 'double' to 'float', possible loss of data
     1>c:\users\matt\documents\development\visual studio 2010\projects\programmingassignment4\programmingassignment4\programmingassignment4.cpp(445): warning C4244: '+=' : conversion from 'double' to 'float', possible loss of data
     1>c:\users\matt\documents\development\visual studio 2010\projects\programmingassignment4\programmingassignment4\programmingassignment4.cpp(446): warning C4244: '+=' : conversion from 'double' to 'float', possible loss of data
     1>c:\users\matt\documents\development\visual studio 2010\projects\programmingassignment4\programmingassignment4\programmingassignment4.cpp(382): warning C4101: 'bunnyOn' : unreferenced local variable
     1>c:\users\matt\documents\development\visual studio 2010\projects\programmingassignment4\programmingassignment4\programmingassignment4.cpp(382): warning C4101: 'movingUp' : unreferenced local variable
     1>c:\users\matt\documents\development\visual studio 2010\projects\programmingassignment4\programmingassignment4\programmingassignment4.cpp(1373): warning C4244: '-=' : conversion from 'double' to 'float', possible loss of data
     1>c:\users\matt\documents\development\visual studio 2010\projects\programmingassignment4\programmingassignment4\programmingassignment4.cpp(1376): warning C4244: '+=' : conversion from 'double' to 'float', possible loss of data
     1>c:\users\matt\documents\development\visual studio 2010\projects\programmingassignment4\programmingassignment4\programmingassignment4.cpp(1379): warning C4244: '+=' : conversion from 'double' to 'float', possible loss of data
     1>c:\users\matt\documents\development\visual studio 2010\projects\programmingassignment4\programmingassignment4\programmingassignment4.cpp(1382): warning C4244: '-=' : conversion from 'double' to 'float', possible loss of data
     1>c:\users\matt\documents\development\visual studio 2010\projects\programmingassignment4\programmingassignment4\programmingassignment4.cpp(1385): warning C4244: '+=' : conversion from 'double' to 'float', possible loss of data
     1>c:\users\matt\documents\development\visual studio 2010\projects\programmingassignment4\programmingassignment4\programmingassignment4.cpp(1388): warning C4244: '-=' : conversion from 'double' to 'float', possible loss of data
     1>c:\users\matt\documents\development\visual studio 2010\projects\programmingassignment4\programmingassignment4\programmingassignment4.cpp(2015): warning C4244: '=' : conversion from 'double' to 'float', possible loss of data
     1>c:\users\matt\documents\development\visual studio 2010\projects\programmingassignment4\programmingassignment4\programmingassignment4.cpp(2016): warning C4244: '=' : conversion from 'double' to 'float', possible loss of data
     1>c:\users\matt\documents\development\visual studio 2010\projects\programmingassignment4\programmingassignment4\programmingassignment4.cpp(2017): warning C4244: '=' : conversion from 'double' to 'float', possible loss of data
     1>c:\users\matt\documents\development\visual studio 2010\projects\programmingassignment4\programmingassignment4\programmingassignment4.cpp(2064): warning C4305: '=' : truncation from 'double' to 'float'
     1>c:\users\matt\documents\development\visual studio 2010\projects\programmingassignment4\programmingassignment4\programmingassignment4.cpp(2065): warning C4305: '=' : truncation from 'double' to 'float'
     1>c:\users\matt\documents\development\visual studio 2010\projects\programmingassignment4\programmingassignment4\programmingassignment4.cpp(2066): warning C4305: '=' : truncation from 'double' to 'float'
     1>c:\users\matt\documents\development\visual studio 2010\projects\programmingassignment4\programmingassignment4\programmingassignment4.cpp(2069): warning C4244: '=' : conversion from 'double' to 'float', possible loss of data
     1>c:\users\matt\documents\development\visual studio 2010\projects\programmingassignment4\programmingassignment4\programmingassignment4.cpp(2071): warning C4244: '=' : conversion from 'double' to 'float', possible loss of data
     1>c:\users\matt\documents\development\visual studio 2010\projects\programmingassignment4\programmingassignment4\programmingassignment4.cpp(2073): warning C4244: '=' : conversion from 'double' to 'float', possible loss of data
     1>c:\users\matt\documents\development\visual studio 2010\projects\programmingassignment4\programmingassignment4\programmingassignment4.cpp(2083): warning C4244: 'return' : conversion from 'double' to 'GLfloat', possible loss of data
     1>c:\users\matt\documents\development\visual studio 2010\projects\programmingassignment4\programmingassignment4\programmingassignment4.cpp(2088): warning C4244: 'initializing' : conversion from 'GLfloat' to 'unsigned int', possible loss of data
     1>c:\users\matt\documents\development\visual studio 2010\projects\programmingassignment4\programmingassignment4\programmingassignment4.cpp(2089): warning C4244: 'initializing' : conversion from 'GLfloat' to 'unsigned int', possible loss of data
     1>c:\users\matt\documents\development\visual studio 2010\projects\programmingassignment4\programmingassignment4\programmingassignment4.cpp(2102): warning C4305: 'argument' : truncation from 'double' to 'GLfloat'
     1>c:\users\matt\documents\development\visual studio 2010\projects\programmingassignment4\programmingassignment4\programmingassignment4.cpp(2104): warning C4244: 'argument' : conversion from 'double' to 'GLfloat', possible loss of data
     1>c:\users\matt\documents\development\visual studio 2010\projects\programmingassignment4\programmingassignment4\programmingassignment4.cpp(2104): warning C4244: '=' : conversion from 'double' to 'GLfloat', possible loss of data
     1>c:\users\matt\documents\development\visual studio 2010\projects\programmingassignment4\programmingassignment4\programmingassignment4.cpp(2106): warning C4244: '=' : conversion from 'double' to 'GLfloat', possible loss of data
     1>c:\users\matt\documents\development\visual studio 2010\projects\programmingassignment4\programmingassignment4\programmingassignment4.cpp(2107): warning C4244: '=' : conversion from 'double' to 'GLfloat', possible loss of data
     1>c:\users\matt\documents\development\visual studio 2010\projects\programmingassignment4\programmingassignment4\programmingassignment4.cpp(2110): warning C4244: '=' : conversion from 'double' to 'GLfloat', possible loss of data
     1>c:\users\matt\documents\development\visual studio 2010\projects\programmingassignment4\programmingassignment4\programmingassignment4.cpp(2113): warning C4244: '=' : conversion from 'double' to 'GLfloat', possible loss of data
     1>c:\users\matt\documents\development\visual studio 2010\projects\programmingassignment4\programmingassignment4\programmingassignment4.cpp(2114): warning C4244: '=' : conversion from 'double' to 'GLfloat', possible loss of data
     1>c:\users\matt\documents\development\visual studio 2010\projects\programmingassignment4\programmingassignment4\programmingassignment4.cpp(2136): warning C4305: 'argument' : truncation from 'double' to 'GLfloat'
     1>c:\users\matt\documents\development\visual studio 2010\projects\programmingassignment4\programmingassignment4\programmingassignment4.cpp(2136): warning C4305: 'argument' : truncation from 'double' to 'GLfloat'
     1>c:\users\matt\documents\development\visual studio 2010\projects\programmingassignment4\programmingassignment4\programmingassignment4.cpp(2136): warning C4305: 'argument' : truncation from 'double' to 'GLfloat'
     1>c:\users\matt\documents\development\visual studio 2010\projects\programmingassignment4\programmingassignment4\programmingassignment4.cpp(2136): warning C4305: 'argument' : truncation from 'double' to 'GLfloat'
     1>c:\users\matt\documents\development\visual studio 2010\projects\programmingassignment4\programmingassignment4\programmingassignment4.cpp(2143): warning C4244: 'argument' : conversion from 'GLfloat' to 'GLsizei', possible loss of data
     1>c:\users\matt\documents\development\visual studio 2010\projects\programmingassignment4\programmingassignment4\programmingassignment4.cpp(2150): warning C4244: 'argument' : conversion from 'double' to 'GLfloat', possible loss of data
     1>c:\users\matt\documents\development\visual studio 2010\projects\programmingassignment4\programmingassignment4\programmingassignment4.cpp(2150): warning C4244: 'argument' : conversion from 'double' to 'GLfloat', possible loss of data
     1>c:\users\matt\documents\development\visual studio 2010\projects\programmingassignment4\programmingassignment4\programmingassignment4.cpp(2150): warning C4244: 'argument' : conversion from 'double' to 'GLfloat', possible loss of data
     1>c:\users\matt\documents\development\visual studio 2010\projects\programmingassignment4\programmingassignment4\programmingassignment4.cpp(2157): warning C4244: 'argument' : conversion from 'double' to 'GLfloat', possible loss of data
     1>c:\users\matt\documents\development\visual studio 2010\projects\programmingassignment4\programmingassignment4\programmingassignment4.cpp(2157): warning C4244: 'argument' : conversion from 'double' to 'GLfloat', possible loss of data
     1>c:\users\matt\documents\development\visual studio 2010\projects\programmingassignment4\programmingassignment4\programmingassignment4.cpp(2158): warning C4244: 'argument' : conversion from 'int' to 'GLfloat', possible loss of data
     1>c:\users\matt\documents\development\visual studio 2010\projects\programmingassignment4\programmingassignment4\programmingassignment4.cpp(2158): warning C4244: 'argument' : conversion from 'int' to 'GLfloat', possible loss of data
     1>c:\users\matt\documents\development\visual studio 2010\projects\programmingassignment4\programmingassignment4\programmingassignment4.cpp(2158): warning C4244: 'argument' : conversion from 'int' to 'GLfloat', possible loss of data
     1>c:\users\matt\documents\development\visual studio 2010\projects\programmingassignment4\programmingassignment4\programmingassignment4.cpp(2162): warning C4244: 'argument' : conversion from 'double' to 'GLfloat', possible loss of data
     1>c:\users\matt\documents\development\visual studio 2010\projects\programmingassignment4\programmingassignment4\programmingassignment4.cpp(2162): warning C4244: 'argument' : conversion from 'double' to 'GLfloat', possible loss of data
     1>c:\users\matt\documents\development\visual studio 2010\projects\programmingassignment4\programmingassignment4\programmingassignment4.cpp(2163): warning C4244: 'argument' : conversion from 'int' to 'GLfloat', possible loss of data
     1>c:\users\matt\documents\development\visual studio 2010\projects\programmingassignment4\programmingassignment4\programmingassignment4.cpp(2163): warning C4244: 'argument' : conversion from 'int' to 'GLfloat', possible loss of data
     1>c:\users\matt\documents\development\visual studio 2010\projects\programmingassignment4\programmingassignment4\programmingassignment4.cpp(2163): warning C4244: 'argument' : conversion from 'int' to 'GLfloat', possible loss of data
     1>c:\users\matt\documents\development\visual studio 2010\projects\programmingassignment4\programmingassignment4\programmingassignment4.cpp(2178): warning C4244: '=' : conversion from 'double' to 'int', possible loss of data
     1>c:\users\matt\documents\development\visual studio 2010\projects\programmingassignment4\programmingassignment4\programmingassignment4.cpp(2179): warning C4244: '=' : conversion from 'double' to 'int', possible loss of data
     1>c:\users\matt\documents\development\visual studio 2010\projects\programmingassignment4\programmingassignment4\programmingassignment4.cpp(2180): warning C4244: '=' : conversion from 'double' to 'int', possible loss of data
     1>c:\users\matt\documents\development\visual studio 2010\projects\programmingassignment4\programmingassignment4\programmingassignment4.cpp(2185): warning C4244: '=' : conversion from 'double' to 'int', possible loss of data
     1>c:\users\matt\documents\development\visual studio 2010\projects\programmingassignment4\programmingassignment4\programmingassignment4.cpp(2186): warning C4244: '=' : conversion from 'double' to 'int', possible loss of data
     1>c:\users\matt\documents\development\visual studio 2010\projects\programmingassignment4\programmingassignment4\programmingassignment4.cpp(2187): warning C4244: '=' : conversion from 'double' to 'int', possible loss of data
     1>c:\users\matt\documents\development\visual studio 2010\projects\programmingassignment4\programmingassignment4\programmingassignment4.cpp(2191): warning C4244: '=' : conversion from 'double' to 'int', possible loss of data
     1>c:\users\matt\documents\development\visual studio 2010\projects\programmingassignment4\programmingassignment4\programmingassignment4.cpp(2192): warning C4244: '=' : conversion from 'double' to 'int', possible loss of data
     1>c:\users\matt\documents\development\visual studio 2010\projects\programmingassignment4\programmingassignment4\programmingassignment4.cpp(2193): warning C4244: '=' : conversion from 'double' to 'int', possible loss of data
     1>c:\users\matt\documents\development\visual studio 2010\projects\programmingassignment4\programmingassignment4\programmingassignment4.cpp(2197): warning C4244: '=' : conversion from 'double' to 'int', possible loss of data
     1>c:\users\matt\documents\development\visual studio 2010\projects\programmingassignment4\programmingassignment4\programmingassignment4.cpp(2198): warning C4244: '=' : conversion from 'double' to 'int', possible loss of data
     1>c:\users\matt\documents\development\visual studio 2010\projects\programmingassignment4\programmingassignment4\programmingassignment4.cpp(2199): warning C4244: '=' : conversion from 'double' to 'int', possible loss of data
     1>c:\users\matt\documents\development\visual studio 2010\projects\programmingassignment4\programmingassignment4\programmingassignment4.cpp(2601): warning C4244: 'argument' : conversion from 'time_t' to 'unsigned int', possible loss of data
       Link:
         c:\Program Files (x86)\Microsoft Visual Studio 10.0\VC\bin\link.exe /ERRORREPORT:PROMPT /OUT:"C:\Users\Matt\Documents\Development\Visual Studio 2010\Projects\ProgrammingAssignment4\Debug\ProgrammingAssignment4.exe" /NOLOGO kernel32.lib user32.lib gdi32.lib winspool.lib comdlg32.lib advapi32.lib shell32.lib ole32.lib oleaut32.lib uuid.lib odbc32.lib odbccp32.lib /MANIFEST /ManifestFile:"Debug\ProgrammingAssignment4.exe.intermediate.manifest" /MANIFESTUAC:"level='asInvoker' uiAccess='false'" /DEBUG /PDB:"C:\Users\Matt\Documents\Development\Visual Studio 2010\Projects\ProgrammingAssignment4\Debug\ProgrammingAssignment4.pdb" /TLBID:1 /DYNAMICBASE /NXCOMPAT /IMPLIB:"C:\Users\Matt\Documents\Development\Visual Studio 2010\Projects\ProgrammingAssignment4\Debug\ProgrammingAssignment4.lib" /MACHINE:X86 Debug\ProgrammingAssignment4.obj
         LINK : C:\Users\Matt\Documents\Development\Visual Studio 2010\Projects\ProgrammingAssignment4\Debug\ProgrammingAssignment4.exe not found or not built by the last incremental link; performing full link
         ProgrammingAssignment4.vcxproj -> C:\Users\Matt\Documents\Development\Visual Studio 2010\Projects\ProgrammingAssignment4\Debug\ProgrammingAssignment4.exe
       Manifest:
         C:\Program Files (x86)\Microsoft SDKs\Windows\v7.0A\bin\mt.exe /nologo /verbose /outputresource:"C:\Users\Matt\Documents\Development\Visual Studio 2010\Projects\ProgrammingAssignment4\Debug\ProgrammingAssignment4.exe;#1" /manifest Debug\ProgrammingAssignment4.exe.intermediate.manifest
       FinalizeBuildStatus:
         Deleting file "Debug\ProgrammingAssignment4.unsuccessfulbuild".
         Touching "Debug\ProgrammingAssignment4.lastbuildstate".
     1>Done Building Project "C:\Users\Matt\Documents\Development\Visual Studio 2010\Projects\ProgrammingAssignment4\ProgrammingAssignment4\ProgrammingAssignment4.vcxproj" (build target(s)).

Build succeeded.

Time Elapsed 00:00:10.89
